[22-Jan-2023 02:13:08] NOTICE: fpm is running, pid 616
[22-Jan-2023 02:13:08] NOTICE: ready to handle connections
[23-Jan-2023 18:56:41] NOTICE: Terminating ...
[23-Jan-2023 18:56:41] NOTICE: exiting, bye-bye!
[23-Jan-2023 18:57:05] NOTICE: fpm is running, pid 201
[23-Jan-2023 18:57:05] NOTICE: ready to handle connections
[23-Jan-2023 19:01:06] NOTICE: Terminating ...
[23-Jan-2023 19:01:06] NOTICE: exiting, bye-bye!
[23-Jan-2023 19:34:11] NOTICE: fpm is running, pid 205
[23-Jan-2023 19:34:11] NOTICE: ready to handle connections
[24-Jan-2023 14:28:56] NOTICE: Terminating ...
[24-Jan-2023 14:28:56] NOTICE: exiting, bye-bye!
[04-Jan-2024 15:59:35] NOTICE: fpm is running, pid 289
[04-Jan-2024 15:59:35] NOTICE: ready to handle connections
[04-Jan-2024 17:44:59] NOTICE: Terminating ...
[04-Jan-2024 17:44:59] NOTICE: exiting, bye-bye!
[04-Jan-2024 17:45:16] NOTICE: fpm is running, pid 287
[04-Jan-2024 17:45:16] NOTICE: ready to handle connections
[04-Jan-2024 17:45:40] NOTICE: Terminating ...
[04-Jan-2024 17:45:40] NOTICE: exiting, bye-bye!
[04-Jan-2024 18:24:31] NOTICE: fpm is running, pid 288
[04-Jan-2024 18:24:31] NOTICE: ready to handle connections
[04-Jan-2024 18:40:32] NOTICE: Terminating ...
[04-Jan-2024 18:40:32] NOTICE: exiting, bye-bye!
[19-Mar-2024 00:12:08] NOTICE: fpm is running, pid 298
[19-Mar-2024 00:12:08] NOTICE: ready to handle connections
[19-Mar-2024 00:24:04] NOTICE: Terminating ...
[19-Mar-2024 00:24:04] NOTICE: exiting, bye-bye!
[19-Mar-2024 00:25:47] NOTICE: fpm is running, pid 290
[19-Mar-2024 00:25:47] NOTICE: ready to handle connections
[19-Mar-2024 00:48:43] NOTICE: Terminating ...
[19-Mar-2024 00:48:43] NOTICE: exiting, bye-bye!
[19-Mar-2024 00:49:29] NOTICE: fpm is running, pid 256
[19-Mar-2024 00:49:29] NOTICE: ready to handle connections
[19-Mar-2024 02:40:33] NOTICE: Terminating ...
[19-Mar-2024 02:40:33] NOTICE: exiting, bye-bye!
[20-Mar-2024 17:43:24] NOTICE: fpm is running, pid 289
[20-Mar-2024 17:43:24] NOTICE: ready to handle connections
[20-Mar-2024 17:51:43] NOTICE: Terminating ...
[20-Mar-2024 17:51:43] NOTICE: exiting, bye-bye!
[20-Mar-2024 17:52:20] NOTICE: fpm is running, pid 290
[20-Mar-2024 17:52:20] NOTICE: ready to handle connections
[20-Mar-2024 18:48:01] NOTICE: Terminating ...
[20-Mar-2024 18:48:01] NOTICE: exiting, bye-bye!
[21-Mar-2024 01:08:47] NOTICE: fpm is running, pid 290
[21-Mar-2024 01:08:47] NOTICE: ready to handle connections
[21-Mar-2024 01:18:04] NOTICE: Terminating ...
[21-Mar-2024 01:18:04] NOTICE: exiting, bye-bye!
[21-Mar-2024 01:22:41] NOTICE: fpm is running, pid 290
[21-Mar-2024 01:22:41] NOTICE: ready to handle connections
[21-Mar-2024 01:59:37] NOTICE: Terminating ...
[21-Mar-2024 01:59:37] NOTICE: exiting, bye-bye!
[21-Mar-2024 01:59:51] NOTICE: fpm is running, pid 290
[21-Mar-2024 01:59:51] NOTICE: ready to handle connections
[21-Mar-2024 02:12:30] NOTICE: Terminating ...
[21-Mar-2024 02:12:30] NOTICE: exiting, bye-bye!
[21-Mar-2024 02:12:56] NOTICE: fpm is running, pid 290
[21-Mar-2024 02:12:56] NOTICE: ready to handle connections
[21-Mar-2024 02:19:52] NOTICE: Terminating ...
[21-Mar-2024 02:19:52] NOTICE: exiting, bye-bye!
[21-Mar-2024 17:11:55] NOTICE: fpm is running, pid 290
[21-Mar-2024 17:11:55] NOTICE: ready to handle connections
[22-Mar-2024 19:17:31] NOTICE: fpm is running, pid 290
[22-Mar-2024 19:17:31] NOTICE: ready to handle connections
[22-Mar-2024 21:16:18] NOTICE: Terminating ...
[22-Mar-2024 21:16:18] NOTICE: exiting, bye-bye!
[22-Mar-2024 21:48:15] NOTICE: fpm is running, pid 290
[22-Mar-2024 21:48:15] NOTICE: ready to handle connections
[22-Mar-2024 21:55:14] NOTICE: Terminating ...
[22-Mar-2024 21:55:14] NOTICE: exiting, bye-bye!
[22-Mar-2024 21:55:32] NOTICE: fpm is running, pid 290
[22-Mar-2024 21:55:32] NOTICE: ready to handle connections
[22-Mar-2024 22:45:20] NOTICE: Terminating ...
[22-Mar-2024 22:45:20] NOTICE: exiting, bye-bye!
[22-Mar-2024 23:49:22] NOTICE: fpm is running, pid 290
[22-Mar-2024 23:49:22] NOTICE: ready to handle connections
[22-Mar-2024 23:53:59] NOTICE: Terminating ...
[22-Mar-2024 23:53:59] NOTICE: exiting, bye-bye!
